#
# There is insufficient memory for the Java Runtime Environment to continue.
# Native memory allocation (malloc) failed to allocate 32744 bytes for ChunkPool::allocate
# Possible reasons:
#   The system is out of physical RAM or swap space
#   The process is running with CompressedOops enabled, and the Java Heap may be blocking the growth of the native heap
# Possible solutions:
#   Reduce memory load on the system
#   Increase physical memory or swap space
#   Check if swap backing store is full
#   Decrease Java heap size (-Xmx/-Xms)
#   Decrease number of Java threads
#   Decrease Java thread stack sizes (-Xss)
#   Set larger code cache with -XX:ReservedCodeCacheSize=
#   JVM is running with Unscaled Compressed Oops mode in which the Java heap is
#     placed in the first 4GB address space. The Java Heap base address is the
#     maximum limit for the native heap growth. Please use -XX:HeapBaseMinAddress
#     to set the Java Heap base and to place the Java Heap above 4GB virtual address.
# This output file may be truncated or incomplete.
#
#  Out of Memory Error (allocation.cpp:272), pid=10320, tid=0x000000000000392c
#
# JRE version: OpenJDK Runtime Environment (8.0_242-b01) (build 1.8.0_242-release-1644-b01)
# Java VM: OpenJDK 64-Bit Server VM (25.242-b01 mixed mode windows-amd64 compressed oops)
# Failed to write core dump. Minidumps are not enabled by default on client versions of Windows
#

---------------  T H R E A D  ---------------

Current thread (0x0000000018a86000):  JavaThread "C1 CompilerThread3" daemon [_thread_in_native, id=14636, stack(0x0000000019620000,0x0000000019720000)]

Stack: [0x0000000019620000,0x0000000019720000]
[error occurred during error reporting (printing stack bounds), id 0xc0000005]

Native frames: (J=compiled Java code, j=interpreted, Vv=VM code, C=native code)


Current CompileTask:
C1:  84104 1138   !   3       sun.nio.ch.SocketChannelImpl::read (389 bytes)


---------------  P R O C E S S  ---------------

Java Threads: ( => current thread )
  0x000000001a31e800 JavaThread "pool-1-thread-1" [_thread_blocked, id=15288, stack(0x000000001b0f0000,0x000000001b1f0000)]
  0x0000000018ad6800 JavaThread "Service Thread" daemon [_thread_blocked, id=12564, stack(0x0000000019720000,0x0000000019820000)]
=>0x0000000018a86000 JavaThread "C1 CompilerThread3" daemon [_thread_in_native, id=14636, stack(0x0000000019620000,0x0000000019720000)]
  0x0000000018a5b800 JavaThread "C2 CompilerThread2" daemon [_thread_blocked, id=18716, stack(0x0000000019520000,0x0000000019620000)]
  0x0000000018a57000 JavaThread "C2 CompilerThread1" daemon [_thread_blocked, id=8408, stack(0x0000000019420000,0x0000000019520000)]
  0x0000000018a53800 JavaThread "C2 CompilerThread0" daemon [_thread_blocked, id=14404, stack(0x0000000019320000,0x0000000019420000)]
  0x0000000018a52800 JavaThread "Attach Listener" daemon [_thread_blocked, id=4820, stack(0x0000000019220000,0x0000000019320000)]
  0x0000000018a51000 JavaThread "Signal Dispatcher" daemon [_thread_blocked, id=14304, stack(0x0000000019120000,0x0000000019220000)]
  0x0000000018a40800 JavaThread "Finalizer" daemon [_thread_blocked, id=14268, stack(0x0000000018f20000,0x0000000019020000)]
  0x0000000002f69000 JavaThread "Reference Handler" daemon [_thread_blocked, id=2400, stack(0x0000000018e20000,0x0000000018f20000)]
  0x0000000002d2e800 JavaThread "main" [_thread_in_native, id=18684, stack(0x0000000002d30000,0x0000000002e30000)]

Other Threads:
  0x0000000016c26000 VMThread [stack: 0x0000000018920000,0x0000000018a20000] [id=14584]
  0x0000000018ad7800 WatcherThread [stack: 0x0000000019820000,0x0000000019920000] [id=17664]

VM state:not at safepoint (normal execution)

VM Mutex/Monitor currently owned by a thread: None

heap address: 0x00000000a1e00000, size: 1506 MB, Compressed Oops mode: 32-bit
Narrow klass base: 0x0000000000000000, Narrow klass shift: 3
Compressed class space size: 1073741824 Address: 0x0000000100000000

Heap:
 PSYoungGen      total 28672K, used 10338K [0x00000000e0a00000, 0x00000000e2a00000, 0x0000000100000000)
  eden space 24576K, 42% used [0x00000000e0a00000,0x00000000e1418b98,0x00000000e2200000)
  from space 4096K, 0% used [0x00000000e2600000,0x00000000e2600000,0x00000000e2a00000)
  to   space 4096K, 0% used [0x00000000e2200000,0x00000000e2200000,0x00000000e2600000)
 ParOldGen       total 27648K, used 3047K [0x00000000a1e00000, 0x00000000a3900000, 0x00000000e0a00000)
  object space 27648K, 11% used [0x00000000a1e00000,0x00000000a20f9c20,0x00000000a3900000)
 Metaspace       used 11514K, capacity 11766K, committed 12160K, reserved 1064960K
  class space    used 1455K, capacity 1561K, committed 1664K, reserved 1048576K

Card table byte_map: [0x0000000012330000,0x0000000012630000] byte_map_base: 0x0000000011e21000

Marking Bits: (ParMarkBitMap*) 0x00000000643af030
 Begin Bits: [0x0000000013030000, 0x00000000147b8000)
 End Bits:   [0x00000000147b8000, 0x0000000015f40000)

Polling page: 0x0000000001470000

CodeCache: size=245760Kb used=3882Kb max_used=3882Kb free=241877Kb
 bounds [0x0000000002f70000, 0x0000000003340000, 0x0000000011f70000]
 total_blobs=1507 nmethods=1137 adapters=285
 compilation: enabled

Compilation events (10 events):
Event: 75.004 Thread 0x0000000018a86000 nmethod 1132 0x000000000333b8d0 code [0x000000000333ba40, 0x000000000333bcc8]
Event: 75.004 Thread 0x0000000018a86000 1133       3       sun.nio.cs.StreamEncoder::ensureOpen (18 bytes)
Event: 75.004 Thread 0x0000000018a86000 nmethod 1133 0x000000000333b450 code [0x000000000333b5c0, 0x000000000333b808]
Event: 75.005 Thread 0x0000000018a86000 1134       3       java.io.FileOutputStream::write (12 bytes)
Event: 75.005 Thread 0x0000000018a86000 nmethod 1134 0x000000000333b090 code [0x000000000333b200, 0x000000000333b388]
Event: 75.005 Thread 0x0000000018a86000 1137       3       java.io.IOException::<init> (6 bytes)
Event: 75.005 Thread 0x0000000018a86000 nmethod 1137 0x000000000333ac50 code [0x000000000333adc0, 0x000000000333afa8]
Event: 75.005 Thread 0x0000000018a86000 1136       3       java.io.PrintStream::ensureOpen (18 bytes)
Event: 75.006 Thread 0x0000000018a86000 nmethod 1136 0x000000000333c450 code [0x000000000333c5c0, 0x000000000333c7e8]
Event: 84.081 Thread 0x0000000018a86000 1138   !   3       sun.nio.ch.SocketChannelImpl::read (389 bytes)

GC Heap History (6 events):
Event: 2.387 GC heap before
{Heap before GC invocations=1 (full 0):
 PSYoungGen      total 28672K, used 24576K [0x00000000e0a00000, 0x00000000e2a00000, 0x0000000100000000)
  eden space 24576K, 100% used [0x00000000e0a00000,0x00000000e2200000,0x00000000e2200000)
  from space 4096K, 0% used [0x00000000e2600000,0x00000000e2600000,0x00000000e2a00000)
  to   space 4096K, 0% used [0x00000000e2200000,0x00000000e2200000,0x00000000e2600000)
 ParOldGen       total 65536K, used 0K [0x00000000a1e00000, 0x00000000a5e00000, 0x00000000e0a00000)
  object space 65536K, 0% used [0x00000000a1e00000,0x00000000a1e00000,0x00000000a5e00000)
 Metaspace       used 7294K, capacity 7556K, committed 7680K, reserved 1056768K
  class space    used 917K, capacity 1012K, committed 1024K, reserved 1048576K
Event: 2.397 GC heap after
Heap after GC invocations=1 (full 0):
 PSYoungGen      total 28672K, used 3682K [0x00000000e0a00000, 0x00000000e2a00000, 0x0000000100000000)
  eden space 24576K, 0% used [0x00000000e0a00000,0x00000000e0a00000,0x00000000e2200000)
  from space 4096K, 89% used [0x00000000e2200000,0x00000000e2598b20,0x00000000e2600000)
  to   space 4096K, 0% used [0x00000000e2600000,0x00000000e2600000,0x00000000e2a00000)
 ParOldGen       total 65536K, used 8K [0x00000000a1e00000, 0x00000000a5e00000, 0x00000000e0a00000)
  object space 65536K, 0% used [0x00000000a1e00000,0x00000000a1e02000,0x00000000a5e00000)
 Metaspace       used 7294K, capacity 7556K, committed 7680K, reserved 1056768K
  class space    used 917K, capacity 1012K, committed 1024K, reserved 1048576K
}
Event: 4.654 GC heap before
{Heap before GC invocations=2 (full 0):
 PSYoungGen      total 28672K, used 15459K [0x00000000e0a00000, 0x00000000e2a00000, 0x0000000100000000)
  eden space 24576K, 47% used [0x00000000e0a00000,0x00000000e1580398,0x00000000e2200000)
  from space 4096K, 89% used [0x00000000e2200000,0x00000000e2598b20,0x00000000e2600000)
  to   space 4096K, 0% used [0x00000000e2600000,0x00000000e2600000,0x00000000e2a00000)
 ParOldGen       total 65536K, used 8K [0x00000000a1e00000, 0x00000000a5e00000, 0x00000000e0a00000)
  object space 65536K, 0% used [0x00000000a1e00000,0x00000000a1e02000,0x00000000a5e00000)
 Metaspace       used 9190K, capacity 9466K, committed 9600K, reserved 1064960K
  class space    used 1211K, capacity 1325K, committed 1408K, reserved 1048576K
Event: 4.660 GC heap after
Heap after GC invocations=2 (full 0):
 PSYoungGen      total 28672K, used 3233K [0x00000000e0a00000, 0x00000000e2a00000, 0x0000000100000000)
  eden space 24576K, 0% used [0x00000000e0a00000,0x00000000e0a00000,0x00000000e2200000)
  from space 4096K, 78% used [0x00000000e2600000,0x00000000e2928780,0x00000000e2a00000)
  to   space 4096K, 0% used [0x00000000e2200000,0x00000000e2200000,0x00000000e2600000)
 ParOldGen       total 65536K, used 16K [0x00000000a1e00000, 0x00000000a5e00000, 0x00000000e0a00000)
  object space 65536K, 0% used [0x00000000a1e00000,0x00000000a1e04000,0x00000000a5e00000)
 Metaspace       used 9190K, capacity 9466K, committed 9600K, reserved 1064960K
  class space    used 1211K, capacity 1325K, committed 1408K, reserved 1048576K
}
Event: 4.660 GC heap before
{Heap before GC invocations=3 (full 1):
 PSYoungGen      total 28672K, used 3233K [0x00000000e0a00000, 0x00000000e2a00000, 0x0000000100000000)
  eden space 24576K, 0% used [0x00000000e0a00000,0x00000000e0a00000,0x00000000e2200000)
  from space 4096K, 78% used [0x00000000e2600000,0x00000000e2928780,0x00000000e2a00000)
  to   space 4096K, 0% used [0x00000000e2200000,0x00000000e2200000,0x00000000e2600000)
 ParOldGen       total 65536K, used 16K [0x00000000a1e00000, 0x00000000a5e00000, 0x00000000e0a00000)
  object space 65536K, 0% used [0x00000000a1e00000,0x00000000a1e04000,0x00000000a5e00000)
 Metaspace       used 9190K, capacity 9466K, committed 9600K, reserved 1064960K
  class space    used 1211K, capacity 1325K, committed 1408K, reserved 1048576K
Event: 4.684 GC heap after
Heap after GC invocations=3 (full 1):
 PSYoungGen      total 28672K, used 0K [0x00000000e0a00000, 0x00000000e2a00000, 0x0000000100000000)
  eden space 24576K, 0% used [0x00000000e0a00000,0x00000000e0a00000,0x00000000e2200000)
  from space 4096K, 0% used [0x00000000e2600000,0x00000000e2600000,0x00000000e2a00000)
  to   space 4096K, 0% used [0x00000000e2200000,0x00000000e2200000,0x00000000e2600000)
 ParOldGen       total 27648K, used 3047K [0x00000000a1e00000, 0x00000000a3900000, 0x00000000e0a00000)
  object space 27648K, 11% used [0x00000000a1e00000,0x00000000a20f9c20,0x00000000a3900000)
 Metaspace       used 9190K, capacity 9466K, committed 9600K, reserved 1062912K
  class space    used 1211K, capacity 1325K, committed 1408K, reserved 1048576K
}

Deoptimization events (10 events):
Event: 1.967 Thread 0x0000000002d2e800 Uncommon trap: reason=class_check action=maybe_recompile pc=0x000000000310ac5c method=java.util.regex.Matcher.match(II)Z @ 86
Event: 1.967 Thread 0x0000000002d2e800 Uncommon trap: reason=class_check action=maybe_recompile pc=0x000000000310ac5c method=java.util.regex.Matcher.match(II)Z @ 86
Event: 1.968 Thread 0x0000000002d2e800 Uncommon trap: reason=class_check action=maybe_recompile pc=0x000000000310ac5c method=java.util.regex.Matcher.match(II)Z @ 86
Event: 1.969 Thread 0x0000000002d2e800 Uncommon trap: reason=class_check action=maybe_recompile pc=0x000000000310ac5c method=java.util.regex.Matcher.match(II)Z @ 86
Event: 2.532 Thread 0x0000000002d2e800 Uncommon trap: reason=unstable_if action=reinterpret pc=0x00000000031e4a20 method=java.util.HashMap.hash(Ljava/lang/Object;)I @ 1
Event: 2.532 Thread 0x0000000002d2e800 Uncommon trap: reason=unstable_if action=reinterpret pc=0x0000000003132d68 method=java.util.HashMap.hash(Ljava/lang/Object;)I @ 1
Event: 2.766 Thread 0x0000000002d2e800 Uncommon trap: reason=unstable_if action=reinterpret pc=0x00000000031d5b70 method=java.util.HashMap.getNode(ILjava/lang/Object;)Ljava/util/HashMap$Node; @ 129
Event: 2.766 Thread 0x0000000002d2e800 Uncommon trap: reason=bimorphic action=maybe_recompile pc=0x00000000031e9dbc method=java.util.HashMap.putVal(ILjava/lang/Object;Ljava/lang/Object;ZZ)Ljava/lang/Object; @ 203
Event: 13.598 Thread 0x000000001a30e800 Uncommon trap: reason=bimorphic action=maybe_recompile pc=0x00000000031e9dbc method=java.util.HashMap.putVal(ILjava/lang/Object;Ljava/lang/Object;ZZ)Ljava/lang/Object; @ 203
Event: 13.598 Thread 0x000000001a30e800 Uncommon trap: reason=bimorphic action=maybe_recompile pc=0x00000000031e9dbc method=java.util.HashMap.putVal(ILjava/lang/Object;Ljava/lang/Object;ZZ)Ljava/lang/Object; @ 203

Classes redefined (0 events):
No events

Internal exceptions (10 events):
Event: 75.003 Thread 0x000000001a31e800 Exception <a 'java/io/IOException'> (0x00000000e13f2e88) thrown at [C:\src\AOSP-openjdk-git\hotspot\src\share\vm\prims\jni.cpp, line 710]
Event: 75.003 Thread 0x000000001a31e800 Exception <a 'java/io/IOException'> (0x00000000e13f32d0) thrown at [C:\src\AOSP-openjdk-git\hotspot\src\share\vm\prims\jni.cpp, line 710]
Event: 75.003 Thread 0x000000001a31e800 Exception <a 'java/io/IOException'> (0x00000000e13f3890) thrown at [C:\src\AOSP-openjdk-git\hotspot\src\share\vm\prims\jni.cpp, line 710]
Event: 75.003 Thread 0x000000001a31e800 Exception <a 'java/io/IOException'> (0x00000000e13f3cd8) thrown at [C:\src\AOSP-openjdk-git\hotspot\src\share\vm\prims\jni.cpp, line 710]
Event: 75.004 Thread 0x000000001a31e800 Exception <a 'java/io/IOException'> (0x00000000e13f4168) thrown at [C:\src\AOSP-openjdk-git\hotspot\src\share\vm\prims\jni.cpp, line 710]
Event: 75.004 Thread 0x000000001a31e800 Exception <a 'java/io/IOException'> (0x00000000e13f45b0) thrown at [C:\src\AOSP-openjdk-git\hotspot\src\share\vm\prims\jni.cpp, line 710]
Event: 75.004 Thread 0x000000001a31e800 Exception <a 'java/io/IOException'> (0x00000000e13f4b30) thrown at [C:\src\AOSP-openjdk-git\hotspot\src\share\vm\prims\jni.cpp, line 710]
Event: 75.004 Thread 0x000000001a31e800 Exception <a 'java/io/IOException'> (0x00000000e13f4f78) thrown at [C:\src\AOSP-openjdk-git\hotspot\src\share\vm\prims\jni.cpp, line 710]
Event: 75.004 Thread 0x000000001a31e800 Exception <a 'java/io/IOException'> (0x00000000e13f5408) thrown at [C:\src\AOSP-openjdk-git\hotspot\src\share\vm\prims\jni.cpp, line 710]
Event: 75.004 Thread 0x000000001a31e800 Exception <a 'java/io/IOException'> (0x00000000e13f5850) thrown at [C:\src\AOSP-openjdk-git\hotspot\src\share\vm\prims\jni.cpp, line 710]

Events (10 events):
Event: 49.132 loading class java/lang/Class$4 done
Event: 49.135 loading class org/gradle/internal/logging/events/StyledTextOutputEvent$Span
Event: 49.135 loading class org/gradle/internal/logging/events/StyledTextOutputEvent$Span done
Event: 49.142 loading class org/gradle/internal/logging/events/operations/StyledTextBuildOperationProgressDetails$Span
Event: 49.142 loading class org/gradle/internal/logging/events/operations/StyledTextBuildOperationProgressDetails$Span done
Event: 49.213 loading class org/gradle/internal/logging/text/AbstractLineChoppingStyledTextOutput$StateContext
Event: 49.213 loading class org/gradle/internal/logging/text/AbstractLineChoppingStyledTextOutput$StateContext done
Event: 78.273 Executing VM operation: RevokeBias
Event: 78.273 Executing VM operation: RevokeBias done
Event: 78.274 Thread 0x000000001a319800 Thread exited: 0x000000001a319800


Dynamic libraries:
0x00007ff7bcdd0000 - 0x00007ff7bce01000 	C:\Program Files\Android\Android Studio\jre\bin\java.exe
0x00007ffde8c10000 - 0x00007ffde8e06000 	C:\WINDOWS\SYSTEM32\ntdll.dll
0x00007ffde7510000 - 0x00007ffde75cd000 	C:\WINDOWS\System32\KERNEL32.DLL
0x00007ffde6740000 - 0x00007ffde6a09000 	C:\WINDOWS\System32\KERNELBASE.dll
0x00007ffde7770000 - 0x00007ffde781c000 	C:\WINDOWS\System32\ADVAPI32.dll
0x00007ffde7f90000 - 0x00007ffde802e000 	C:\WINDOWS\System32\msvcrt.dll
0x00007ffde8a50000 - 0x00007ffde8aec000 	C:\WINDOWS\System32\sechost.dll
0x00007ffde8160000 - 0x00007ffde828b000 	C:\WINDOWS\System32\RPCRT4.dll
0x00007ffde7820000 - 0x00007ffde79c0000 	C:\WINDOWS\System32\USER32.dll
0x00007ffde6a10000 - 0x00007ffde6a32000 	C:\WINDOWS\System32\win32u.dll
0x00007ffde75d0000 - 0x00007ffde75fa000 	C:\WINDOWS\System32\GDI32.dll
0x00007ffde6ae0000 - 0x00007ffde6beb000 	C:\WINDOWS\System32\gdi32full.dll
0x00007ffde6a40000 - 0x00007ffde6add000 	C:\WINDOWS\System32\msvcp_win.dll
0x00007ffde65f0000 - 0x00007ffde66f0000 	C:\WINDOWS\System32\ucrtbase.dll
0x00007ffdcafb0000 - 0x00007ffdcb24b000 	C:\WINDOWS\WinSxS\amd64_microsoft.windows.common-controls_6595b64144ccf1df_6.0.19041.746_none_ca02b4b61b8320a4\COMCTL32.dll
0x00007ffde8450000 - 0x00007ffde8480000 	C:\WINDOWS\System32\IMM32.DLL
0x0000000063b00000 - 0x0000000063bd2000 	C:\Program Files\Android\Android Studio\jre\jre\bin\msvcr100.dll
0x0000000063be0000 - 0x000000006442b000 	C:\Program Files\Android\Android Studio\jre\jre\bin\server\jvm.dll
0x00007ffde6db0000 - 0x00007ffde6db8000 	C:\WINDOWS\System32\PSAPI.DLL
0x00007ffddc990000 - 0x00007ffddc9b7000 	C:\WINDOWS\SYSTEM32\WINMM.dll
0x00007ffdde790000 - 0x00007ffdde79a000 	C:\WINDOWS\SYSTEM32\VERSION.dll
0x00007ffddde80000 - 0x00007ffddde89000 	C:\WINDOWS\SYSTEM32\WSOCK32.dll
0x00007ffde8910000 - 0x00007ffde897b000 	C:\WINDOWS\System32\ws2_32.DLL
0x00007ffde39c0000 - 0x00007ffde39cf000 	C:\Program Files\Android\Android Studio\jre\jre\bin\verify.dll
0x00007ffda2a40000 - 0x00007ffda2a69000 	C:\Program Files\Android\Android Studio\jre\jre\bin\java.dll
0x00007ffde04c0000 - 0x00007ffde04d6000 	C:\Program Files\Android\Android Studio\jre\jre\bin\zip.dll
0x00007ffde6dc0000 - 0x00007ffde7502000 	C:\WINDOWS\System32\SHELL32.dll
0x00007ffde4480000 - 0x00007ffde4c10000 	C:\WINDOWS\SYSTEM32\windows.storage.dll
0x00007ffde79c0000 - 0x00007ffde7d16000 	C:\WINDOWS\System32\combase.dll
0x00007ffde5db0000 - 0x00007ffde5ddc000 	C:\WINDOWS\SYSTEM32\Wldp.dll
0x00007ffde7ee0000 - 0x00007ffde7f8e000 	C:\WINDOWS\System32\SHCORE.dll
0x00007ffde7660000 - 0x00007ffde76b5000 	C:\WINDOWS\System32\shlwapi.dll
0x00007ffde6280000 - 0x00007ffde62a6000 	C:\WINDOWS\SYSTEM32\profapi.dll
0x00007ffddee30000 - 0x00007ffddee4a000 	C:\Program Files\Android\Android Studio\jre\jre\bin\net.dll
0x00007ffde5b30000 - 0x00007ffde5b9a000 	C:\WINDOWS\system32\mswsock.dll
0x00007ffdd2590000 - 0x00007ffdd25a3000 	C:\Program Files\Android\Android Studio\jre\jre\bin\nio.dll
0x00007ffd7d6d0000 - 0x00007ffd7d6f6000 	C:\Users\HP\.gradle\native\30\windows-amd64\native-platform.dll
0x00007ffde18e0000 - 0x00007ffde18ed000 	C:\Program Files\Android\Android Studio\jre\jre\bin\management.dll
0x00007ffde5d00000 - 0x00007ffde5d18000 	C:\WINDOWS\SYSTEM32\CRYPTSP.dll
0x00007ffde5460000 - 0x00007ffde5494000 	C:\WINDOWS\system32\rsaenh.dll
0x00007ffde6510000 - 0x00007ffde6537000 	C:\WINDOWS\System32\bcrypt.dll
0x00007ffde6240000 - 0x00007ffde626e000 	C:\WINDOWS\SYSTEM32\USERENV.dll
0x00007ffde6bf0000 - 0x00007ffde6c70000 	C:\WINDOWS\System32\bcryptprimitives.dll
0x00007ffde5d20000 - 0x00007ffde5d2c000 	C:\WINDOWS\SYSTEM32\CRYPTBASE.dll
0x00007ffde57d0000 - 0x00007ffde580b000 	C:\WINDOWS\SYSTEM32\IPHLPAPI.DLL
0x00007ffde8150000 - 0x00007ffde8158000 	C:\WINDOWS\System32\NSI.dll
0x00007ffddec00000 - 0x00007ffddec17000 	C:\WINDOWS\SYSTEM32\dhcpcsvc6.DLL
0x00007ffdde9f0000 - 0x00007ffddea0d000 	C:\WINDOWS\SYSTEM32\dhcpcsvc.DLL
0x00007ffde5820000 - 0x00007ffde58eb000 	C:\WINDOWS\SYSTEM32\DNSAPI.dll

VM Arguments:
jvm_args: -Dorg.gradle.appname=gradlew 
java_command: org.gradle.wrapper.GradleWrapperMain -q -Ptarget-platform=android-x86 -Ptarget=D:\Dicoding_Indonesia_files\Flutter\Submission\TestAwal\Belajar Fundamental Aplikasi Flutter\Deployment\Submission 2\a195-flutter-fundamental-project-news-app-4.1\lib\main.dart -Ptrack-widget-creation=true -Pfilesystem-scheme=org-dartlang-root -Pdart-defines=flutter.inspector.structuredErrors%3Dtrue assembleDebug
java_class_path (initial): D:\Dicoding_Indonesia_files\Flutter\Submission\TestAwal\Belajar Fundamental Aplikasi Flutter\Deployment\Submission 2\a195-flutter-fundamental-project-news-app-4.1\android\\gradle\wrapper\gradle-wrapper.jar
Launcher Type: SUN_STANDARD

Environment Variables:
JAVA_HOME=C:\Program Files\Android\Android Studio\jre
CLASSPATH=D:\Dicoding_Indonesia_files\Flutter\Submission\TestAwal\Belajar Fundamental Aplikasi Flutter\Deployment\Submission 2\a195-flutter-fundamental-project-news-app-4.1\android\\gradle\wrapper\gradle-wrapper.jar
USERNAME=HP
OS=Windows_NT
PROCESSOR_IDENTIFIER=AMD64 Family 23 Model 24 Stepping 1, AuthenticAMD



---------------  S Y S T E M  ---------------

OS: Windows 10.0 , 64 bit Build 19041 (10.0.19041.804)

CPU:total 8 (initial active 8) (8 cores per cpu, 1 threads per core) family 23 model 24 stepping 1, cmov, cx8, fxsr, mmx, sse, sse2, sse3, ssse3, sse4.1, sse4.2, popcnt, avx, avx2, aes, clmul, mmxext, 3dnowpref, lzcnt, sse4a, tsc, tscinvbit, tscinv, bmi1

Memory: 4k page, physical 6165620k(312088k free), swap 25039988k(0k free)

vm_info: OpenJDK 64-Bit Server VM (25.242-b01) for windows-amd64 JRE (1.8.0_242-release-1644-b01), built by "builder" with MS VC++ 10.0 (VS2010)

time: Mon Jan 31 08:06:53 2022
timezone: SE Asia Standard Time
elapsed time: 84 seconds (0d 0h 1m 24s)

